<?xml version="1.0" encoding="UTF-8"?>
<testng-results ignored="0" total="5" passed="5" failed="0" skipped="0">
  <reporter-output>
  </reporter-output>
  <suite started-at="2026-06-03T09:50:31 IST" name="AutomationSuite" finished-at="2026-06-03T09:51:49 IST" duration-ms="78096">
    <groups>
    </groups>
    <test started-at="2026-06-03T09:50:31 IST" name="FirstTest" finished-at="2026-06-03T09:51:49 IST" duration-ms="78096">
      <class name="com.automation.AppTest">
        <test-method is-config="true" signature="setup()[pri:0, instance:com.automation.AppTest@c33b74f]" started-at="2026-06-03T09:50:31 IST" name="setup" finished-at="2026-06-03T09:50:40 IST" duration-ms="8816" status="PASS">
          <reporter-output>
          </reporter-output>
        </test-method> <!-- setup -->
        <test-method signature="dataDriverLoginTest(java.lang.String,java.lang.String,boolean)[pri:0, instance:com.automation.AppTest@c33b74f]" started-at="2026-06-03T09:50:40 IST" name="dataDriverLoginTest" data-provider="loginData" finished-at="2026-06-03T09:50:44 IST" duration-ms="3601" status="PASS">
          <params>
            <param index="0">
              <value>
                <![CDATA[Admin]]>
              </value>
            </param>
            <param index="1">
              <value>
                <![CDATA[admin123]]>
              </value>
            </param>
            <param index="2">
              <value>
                <![CDATA[true]]>
              </value>
            </param>
          </params>
          <reporter-output>
          </reporter-output>
        </test-method> <!-- dataDriverLoginTest -->
        <test-method is-config="true" signature="teardown()[pri:0, instance:com.automation.AppTest@c33b74f]" started-at="2026-06-03T09:50:44 IST" name="teardown" finished-at="2026-06-03T09:50:44 IST" duration-ms="663" status="PASS">
          <reporter-output>
          </reporter-output>
        </test-method> <!-- teardown -->
        <test-method is-config="true" signature="setup()[pri:0, instance:com.automation.AppTest@c33b74f]" started-at="2026-06-03T09:50:44 IST" name="setup" finished-at="2026-06-03T09:50:51 IST" duration-ms="6206" status="PASS">
          <reporter-output>
          </reporter-output>
        </test-method> <!-- setup -->
        <test-method signature="dataDriverLoginTest(java.lang.String,java.lang.String,boolean)[pri:0, instance:com.automation.AppTest@c33b74f]" started-at="2026-06-03T09:50:51 IST" name="dataDriverLoginTest" data-provider="loginData" finished-at="2026-06-03T09:50:59 IST" duration-ms="8209" status="PASS">
          <params>
            <param index="0">
              <value>
                <![CDATA[Admin]]>
              </value>
            </param>
            <param index="1">
              <value>
                <![CDATA[wrongpass]]>
              </value>
            </param>
            <param index="2">
              <value>
                <![CDATA[false]]>
              </value>
            </param>
          </params>
          <reporter-output>
          </reporter-output>
        </test-method> <!-- dataDriverLoginTest -->
        <test-method is-config="true" signature="teardown()[pri:0, instance:com.automation.AppTest@c33b74f]" started-at="2026-06-03T09:50:59 IST" name="teardown" finished-at="2026-06-03T09:50:59 IST" duration-ms="536" status="PASS">
          <reporter-output>
          </reporter-output>
        </test-method> <!-- teardown -->
        <test-method is-config="true" signature="setup()[pri:0, instance:com.automation.AppTest@c33b74f]" started-at="2026-06-03T09:50:59 IST" name="setup" finished-at="2026-06-03T09:51:09 IST" duration-ms="10055" status="PASS">
          <reporter-output>
          </reporter-output>
        </test-method> <!-- setup -->
        <test-method signature="dataDriverLoginTest(java.lang.String,java.lang.String,boolean)[pri:0, instance:com.automation.AppTest@c33b74f]" started-at="2026-06-03T09:51:09 IST" name="dataDriverLoginTest" data-provider="loginData" finished-at="2026-06-03T09:51:23 IST" duration-ms="13845" status="PASS">
          <params>
            <param index="0">
              <value>
                <![CDATA[wronguser]]>
              </value>
            </param>
            <param index="1">
              <value>
                <![CDATA[admin123]]>
              </value>
            </param>
            <param index="2">
              <value>
                <![CDATA[false]]>
              </value>
            </param>
          </params>
          <reporter-output>
          </reporter-output>
        </test-method> <!-- dataDriverLoginTest -->
        <test-method is-config="true" signature="teardown()[pri:0, instance:com.automation.AppTest@c33b74f]" started-at="2026-06-03T09:51:23 IST" name="teardown" finished-at="2026-06-03T09:51:24 IST" duration-ms="636" status="PASS">
          <reporter-output>
          </reporter-output>
        </test-method> <!-- teardown -->
        <test-method is-config="true" signature="setup()[pri:0, instance:com.automation.AppTest@c33b74f]" started-at="2026-06-03T09:51:24 IST" name="setup" finished-at="2026-06-03T09:51:32 IST" duration-ms="8205" status="PASS">
          <reporter-output>
          </reporter-output>
        </test-method> <!-- setup -->
        <test-method signature="invalidLoginTest()[pri:0, instance:com.automation.AppTest@c33b74f]" started-at="2026-06-03T09:51:32 IST" name="invalidLoginTest" finished-at="2026-06-03T09:51:38 IST" duration-ms="5636" status="PASS">
          <reporter-output>
          </reporter-output>
        </test-method> <!-- invalidLoginTest -->
        <test-method is-config="true" signature="teardown()[pri:0, instance:com.automation.AppTest@c33b74f]" started-at="2026-06-03T09:51:38 IST" name="teardown" finished-at="2026-06-03T09:51:38 IST" duration-ms="368" status="PASS">
          <reporter-output>
          </reporter-output>
        </test-method> <!-- teardown -->
        <test-method is-config="true" signature="setup()[pri:0, instance:com.automation.AppTest@c33b74f]" started-at="2026-06-03T09:51:38 IST" name="setup" finished-at="2026-06-03T09:51:44 IST" duration-ms="6059" status="PASS">
          <reporter-output>
          </reporter-output>
        </test-method> <!-- setup -->
        <test-method signature="validLoginTest()[pri:0, instance:com.automation.AppTest@c33b74f]" started-at="2026-06-03T09:51:44 IST" name="validLoginTest" finished-at="2026-06-03T09:51:49 IST" duration-ms="4724" status="PASS">
          <reporter-output>
          </reporter-output>
        </test-method> <!-- validLoginTest -->
        <test-method is-config="true" signature="teardown()[pri:0, instance:com.automation.AppTest@c33b74f]" started-at="2026-06-03T09:51:49 IST" name="teardown" finished-at="2026-06-03T09:51:49 IST" duration-ms="369" status="PASS">
          <reporter-output>
          </reporter-output>
        </test-method> <!-- teardown -->
      </class> <!-- com.automation.AppTest -->
    </test> <!-- FirstTest -->
  </suite> <!-- AutomationSuite -->
</testng-results>
