<?xml version="1.0" encoding="UTF-8"?>
<testng-results ignored="0" total="2" passed="2" failed="0" skipped="0">
  <reporter-output>
  </reporter-output>
  <suite started-at="2026-06-03T09:15:56 IST" name="AutomationSuite" finished-at="2026-06-03T09:16:30 IST" duration-ms="33359">
    <groups>
    </groups>
    <test started-at="2026-06-03T09:15:56 IST" name="FirstTest" finished-at="2026-06-03T09:16:30 IST" duration-ms="33359">
      <class name="com.automation.AppTest">
        <test-method signature="loginTest()[pri:0, instance:com.automation.AppTest@1700915]" started-at="2026-06-03T09:15:57 IST" name="loginTest" finished-at="2026-06-03T09:16:18 IST" duration-ms="21607" status="PASS">
          <reporter-output>
          </reporter-output>
        </test-method> <!-- loginTest -->
        <test-method signature="wrongPasswordTest()[pri:0, instance:com.automation.AppTest@1700915]" started-at="2026-06-03T09:16:18 IST" name="wrongPasswordTest" finished-at="2026-06-03T09:16:30 IST" duration-ms="11672" status="PASS">
          <reporter-output>
          </reporter-output>
        </test-method> <!-- wrongPasswordTest -->
      </class> <!-- com.automation.AppTest -->
    </test> <!-- FirstTest -->
  </suite> <!-- AutomationSuite -->
</testng-results>
