<?xml version="1.0" encoding="UTF-8"?>
<!-- Generated by org.testng.reporters.JUnitXMLReporter -->
<testsuite ignored="0" hostname="DESKTOP-T44LSD7" failures="0" tests="5" name="FirstTest" time="78.096" errors="0" timestamp="2026-06-03T09:51:49 IST">
  <testcase classname="com.automation.AppTest" name="dataDriverLoginTest" time="3.601"/>
  <testcase classname="com.automation.AppTest" name="dataDriverLoginTest" time="8.209"/>
  <testcase classname="com.automation.AppTest" name="dataDriverLoginTest" time="13.845"/>
  <testcase classname="com.automation.AppTest" name="invalidLoginTest" time="5.636"/>
  <testcase classname="com.automation.AppTest" name="validLoginTest" time="4.724"/>
</testsuite> <!-- FirstTest -->
