<?xml version="1.0" encoding="UTF-8"?>
<!-- Generated by org.testng.reporters.JUnitXMLReporter -->
<testsuite ignored="0" hostname="DESKTOP-T44LSD7" failures="0" tests="5" name="FirstTest" time="68.202" errors="0" timestamp="2026-06-03T09:39:27 IST">
  <testcase classname="com.automation.AppTest" name="dataDriverLoginTest" time="6.304"/>
  <testcase classname="com.automation.AppTest" name="dataDriverLoginTest" time="3.021"/>
  <testcase classname="com.automation.AppTest" name="dataDriverLoginTest" time="5.479"/>
  <testcase classname="com.automation.AppTest" name="loginTest" time="4.759"/>
  <testcase classname="com.automation.AppTest" name="wrongPasswordTest" time="9.006"/>
</testsuite> <!-- FirstTest -->
