<?xml version="1.0" encoding="UTF-8"?>
<!-- Generated by org.testng.reporters.JUnitReportReporter -->
<testsuite hostname="DESKTOP-T44LSD7" failures="0" tests="5" name="com.automation.AppTest" time="77.928" errors="0" timestamp="2026-06-03T09:51:50 IST" skipped="0">
  <testcase classname="com.automation.AppTest" name="dataDriverLoginTest" time="20.419"/>
  <testcase classname="com.automation.AppTest" name="invalidLoginTest" time="16.060"/>
  <testcase classname="com.automation.AppTest" name="dataDriverLoginTest" time="10.323"/>
  <testcase classname="com.automation.AppTest" name="validLoginTest" time="14.076"/>
  <testcase classname="com.automation.AppTest" name="dataDriverLoginTest" time="17.050"/>
</testsuite> <!-- com.automation.AppTest -->
