<?xml version="1.0" encoding="UTF-8"?>
<!-- Generated by org.testng.reporters.JUnitReportReporter -->
<testsuite hostname="DESKTOP-T44LSD7" failures="0" tests="5" name="com.automation.AppTest" time="68.008" errors="0" timestamp="2026-06-03T09:39:28 IST" skipped="0">
  <testcase classname="com.automation.AppTest" name="loginTest" time="12.475"/>
  <testcase classname="com.automation.AppTest" name="wrongPasswordTest" time="16.391"/>
  <testcase classname="com.automation.AppTest" name="dataDriverLoginTest" time="12.453"/>
  <testcase classname="com.automation.AppTest" name="dataDriverLoginTest" time="10.081"/>
  <testcase classname="com.automation.AppTest" name="dataDriverLoginTest" time="16.608"/>
</testsuite> <!-- com.automation.AppTest -->
